<?xml version="1.0" encoding="utf-8"?>
<TestRun id="c6a16d30-02df-44f4-9433-4706f33cb1f7" name="DELL@DESKTOP-5EO4BFU 2022-11-14 12:49:42" runUser="DESKTOP-5EO4BFU\DELL" xmlns="http://microsoft.com/schemas/VisualStudio/TeamTest/2010">
  <Times creation="2022-11-14T12:49:42.8090396-05:00" queuing="2022-11-14T12:49:42.8090399-05:00" start="2022-11-14T12:49:41.3832818-05:00" finish="2022-11-14T12:49:42.8216434-05:00" />
  <TestSettings name="default" id="11067b01-db60-45a2-946d-13ab488f90b6">
    <Deployment runDeploymentRoot="DELL_DESKTOP-5EO4BFU_2022-11-14_12_49_42" />
  </TestSettings>
  <Results>
    <UnitTestResult executionId="991a2129-f151-4602-b82c-f842139e11ea" testId="457d2f85-00a2-e90f-50d0-7632e630dc79" testName="shift should shift tail to head k times&lt;Node&gt;(Node (0, Node (1, Node (2, Node (3, Node (4, Node (5, Empty)))))),2,Node (4, Node (5, Node (0, Node (1, Node (2, Node (3, Empty)))))))" computerName="DESKTOP-5EO4BFU" duration="00:00:00.0237720" startTime="2022-11-14T12:49:42.5688856-05:00" endTime="2022-11-14T12:49:42.5925448-05:00" testType="13cdc9d9-ddb5-4fa4-a97d-d965ccfc6d4b" outcome="Passed" testListId="8c84fa94-04c1-424b-9868-57a2d4851a1d" relativeResultsDirectory="991a2129-f151-4602-b82c-f842139e11ea" />
  </Results>
  <TestDefinitions>
    <UnitTest name="shift should shift tail to head k times&lt;Node&gt;(Node (0, Node (1, Node (2, Node (3, Node (4, Node (5, Empty)))))),2,Node (4, Node (5, Node (0, Node (1, Node (2, Node (3, Empty)))))))" storage="c:\sandbox\misc\algo-test\algo.exam.test\bin\debug\net7.0\algo.exam.test.dll" id="457d2f85-00a2-e90f-50d0-7632e630dc79">
      <Execution id="991a2129-f151-4602-b82c-f842139e11ea" />
      <TestMethod codeBase="c:\sandbox\misc\algo-test\Algo.Exam.Test\bin\Debug\net7.0\Algo.Exam.Test.dll" adapterTypeName="executor://nunit3testexecutor/" className="Algo.Exam.Algo.Expert.ShiftLinkedListTest" name="shift should shift tail to head k times&lt;Node&gt;(Node (0, Node (1, Node (2, Node (3, Node (4, Node (5, Empty)))))),2,Node (4, Node (5, Node (0, Node (1, Node (2, Node (3, Empty)))))))" />
    </UnitTest>
  </TestDefinitions>
  <TestEntries>
    <TestEntry testId="457d2f85-00a2-e90f-50d0-7632e630dc79" executionId="991a2129-f151-4602-b82c-f842139e11ea" testListId="8c84fa94-04c1-424b-9868-57a2d4851a1d" />
  </TestEntries>
  <TestLists>
    <TestList name="Results Not in a List" id="8c84fa94-04c1-424b-9868-57a2d4851a1d" />
    <TestList name="All Loaded Results" id="19431567-8539-422a-85d7-44ee4e166bda" />
  </TestLists>
  <ResultSummary outcome="Completed">
    <Counters total="1" executed="1" passed="1" failed="0" error="0" timeout="0" aborted="0" inconclusive="0" passedButRunAborted="0" notRunnable="0" notExecuted="0" disconnected="0" warning="0" completed="0" inProgress="0" pending="0" />
    <Output>
      <StdOut>NUnit Adapter 4.3.0.0: Test execution started&#xD;
Running selected tests in c:\sandbox\misc\algo-test\Algo.Exam.Test\bin\Debug\net7.0\Algo.Exam.Test.dll&#xD;
   NUnit3TestExecutor discovered 1 of 1 NUnit test cases using Current Discovery mode, Non-Explicit run&#xD;
NUnit Adapter 4.3.0.0: Test execution complete&#xD;
</StdOut>
    </Output>
  </ResultSummary>
</TestRun>